2025-08-08 11:42:45,250 - ERROR - 加载模板失败: [Errno 2] No such file or directory: '/utils/salary_email.html'
2025-08-08 11:46:28,224 - ERROR - [2ea5382e] 文件保存失败: 'str' object has no attribute 'save'
2025-08-08 11:51:20,319 - ERROR - 读取Excel失败: [Errno 2] No such file or directory: 'C:\\Users\\zoe.zuo\\AppData\\Local\\Temp\\tmp4ojjzkrb\\data.xlsx'
2025-08-08 11:51:20,319 - ERROR - [5500c4d5] 请求处理失败
2025-08-08 11:52:17,055 - ERROR - 读取Excel失败: Missing optional dependency 'openpyxl'.  Use pip or conda to install openpyxl.
2025-08-08 11:52:17,055 - ERROR - [82882022] 请求处理失败
2025-08-08 11:53:27,202 - ERROR - 加载模板失败: [Errno 2] No such file or directory: '<html>\n<body>\n    <p>尊敬的{{姓名}}，您好！</p>\n    <p>请查收本月详情。</p>\n    <p><strong>明细1：</strong>{{明细1}}</p>\n    <p><strong>明细2：</strong>{{明细2}}</p>\n<!--    <p>点击<a href="https://example.com">查看详情</a></p>-->\n    <hr>\n    <p style="color:gray">本邮件由系统自动发送，请勿回复</p>\n</body>\n</html>'
2025-08-08 11:53:27,202 - ERROR - [8f018fd9] 请求处理失败
2025-08-08 12:09:23,205 - ERROR - 加载模板失败: name 'TEMPLATE_FILE' is not defined
2025-08-13 13:32:56,017 - ERROR - [def17d26-8ca6-4f99-bc25-49cb2948d3d1] 缺少必要文件
2025-08-13 13:34:02,822 - ERROR - [d593d938-6c07-4998-8841-10480a999d8c] 缺少必要文件
2025-08-13 13:34:28,818 - ERROR - [37cbbd6a-9c03-40f9-a40e-f0c4a9b7cdd6] 缺少必要文件
2025-08-27 15:56:02,611 - ERROR - 读取Excel文件时出错: Excel文件中缺少必要的列: TR FEE
2025-08-27 15:56:02,612 - ERROR - [83ff7ba8-05f6-4f06-8ba1-0d287036af67] 请求处理失败
2025-08-27 15:57:50,714 - ERROR - 发送给 未知 失败: 缺少邮箱地址
2025-08-27 15:58:52,334 - ERROR - 生成PDF文件时出错: 'TR FEE'
2025-08-27 15:58:52,334 - ERROR - 发送给 未知 失败: 生成PDF文件失败
2025-08-27 16:18:40,188 - ERROR - 读取Excel文件时出错: Excel文件中缺少必要的列: TR FEE
2025-08-27 16:18:40,189 - ERROR - [432acabf-9ea2-4570-994b-c53fc996b8b8] 请求处理失败
2025-08-27 16:51:49,805 - ERROR - 生成PDF文件时出错: 'ChineseFont-Bold'
2025-08-27 16:51:49,805 - ERROR - 发送给 未知 失败: 生成PDF文件失败
2025-08-27 17:18:04,968 - ERROR - 生成PDF文件时出错: 'ChineseFont-Bold'
2025-08-27 17:18:04,969 - ERROR - 发送给 未知 失败: 生成PDF文件失败
2025-08-27 17:18:22,439 - ERROR - 生成PDF文件时出错: 'ChineseFont-Bold'
2025-08-27 17:18:22,439 - ERROR - 发送给 未知 失败: 生成PDF文件失败
2025-08-27 17:20:49,475 - ERROR - 生成PDF文件时出错: 'ChineseFont-Bold'
2025-08-27 17:20:49,475 - ERROR - 发送给 未知 失败: 生成PDF文件失败
2025-08-27 17:21:08,523 - ERROR - 生成PDF文件时出错: 'ChineseFont-Bold'
2025-08-27 17:21:08,524 - ERROR - 发送给 未知 失败: 生成PDF文件失败
2025-08-27 17:22:06,834 - ERROR - 生成PDF文件时出错: 'ChineseFont-Bold'
2025-08-27 17:22:06,834 - ERROR - 发送给 未知 失败: 生成PDF文件失败
2025-08-27 17:22:42,323 - ERROR - 生成PDF文件时出错: 'ChineseFont-Bold'
2025-08-27 17:22:42,324 - ERROR - 发送给 未知 失败: 生成PDF文件失败
2025-08-27 17:23:45,512 - ERROR - 生成PDF文件时出错: 'ChineseFont-Bold'
2025-08-27 17:23:45,512 - ERROR - 发送给 未知 失败: 生成PDF文件失败
2025-08-27 17:24:46,738 - ERROR - 生成PDF文件时出错: 'ChineseFont-Bold'
2025-08-27 17:24:46,738 - ERROR - 发送给 未知 失败: 生成PDF文件失败
2025-08-27 17:25:47,351 - ERROR - 生成PDF文件时出错: 'ChineseFont-Bold'
2025-08-27 17:25:47,352 - ERROR - 发送给 未知 失败: 生成PDF文件失败
2025-08-27 17:26:34,209 - ERROR - 生成PDF文件时出错: 'ChineseFont-Bold'
2025-08-27 17:26:34,210 - ERROR - 发送给 未知 失败: 生成PDF文件失败
2025-08-27 17:29:22,501 - ERROR - 生成PDF文件时出错: 'ChineseFont-Bold'
2025-08-27 17:29:22,502 - ERROR - 发送给 未知 失败: 生成PDF文件失败
2025-08-27 17:30:01,002 - ERROR - 生成PDF文件时出错: 'ChineseFont-Bold'
2025-08-27 17:30:01,002 - ERROR - 发送给 未知 失败: 生成PDF文件失败
2025-08-28 10:55:15,912 - ERROR - 加密PDF失败: user_password may not be None
2025-08-28 10:55:16,225 - ERROR - 加密PDF失败: user_password may not be None
