2025-08-08 11:42:45,250 - 加载模板失败: [Errno 2] No such file or directory: '/utils/salary_email.html'
2025-08-08 11:46:28,224 - [2ea5382e] 文件保存失败: 'str' object has no attribute 'save'
2025-08-08 11:51:20,317 - [5500c4d5] 文件保存到临时目录: C:\Users\zoe.zuo\AppData\Local\Temp\tmp4ojjzkrb
2025-08-08 11:51:20,318 - 邮件主题: 08/08/2025明细
2025-08-08 11:51:20,319 - 读取Excel失败: [Errno 2] No such file or directory: 'C:\\Users\\zoe.zuo\\AppData\\Local\\Temp\\tmp4ojjzkrb\\data.xlsx'
2025-08-08 11:51:20,319 - [5500c4d5] 清理临时文件失败: remove: path should be string, bytes or os.PathLike, not FileStorage
2025-08-08 11:51:20,319 - [5500c4d5] 请求处理失败
2025-08-08 11:52:17,052 - 邮件主题: 08/08/2025明细
2025-08-08 11:52:17,055 - 读取Excel失败: Missing optional dependency 'openpyxl'.  Use pip or conda to install openpyxl.
2025-08-08 11:52:17,055 - [82882022] 临时文件已清理
2025-08-08 11:52:17,055 - [82882022] 请求处理失败
2025-08-08 11:53:27,034 - 邮件主题: 08/08/2025明细
2025-08-08 11:53:27,201 - 成功读取Excel数据: 1条记录
2025-08-08 11:53:27,202 - 加载模板失败: [Errno 2] No such file or directory: '<html>\n<body>\n    <p>尊敬的{{姓名}}，您好！</p>\n    <p>请查收本月详情。</p>\n    <p><strong>明细1：</strong>{{明细1}}</p>\n    <p><strong>明细2：</strong>{{明细2}}</p>\n<!--    <p>点击<a href="https://example.com">查看详情</a></p>-->\n    <hr>\n    <p style="color:gray">本邮件由系统自动发送，请勿回复</p>\n</body>\n</html>'
2025-08-08 11:53:27,202 - [8f018fd9] 临时文件已清理
2025-08-08 11:53:27,202 - [8f018fd9] 请求处理失败
2025-08-08 11:55:07,788 - 邮件主题: 08/08/2025明细
2025-08-08 11:55:07,940 - 成功读取Excel数据: 1条记录
2025-08-08 11:55:07,940 - 邮件模板加载成功
2025-08-08 11:55:09,113 - SMTP服务器登录成功
2025-08-08 11:55:09,394 - 成功发送给: zoe <zoe.zuo@bccapital.com>
2025-08-08 11:55:09,455 - 所有邮件发送成功! 总计: 1封
2025-08-08 11:55:09,455 - [8f5351ec] 请求处理成功
2025-08-08 11:59:00,437 - 邮件主题: 08/08/2025明细
2025-08-08 11:59:00,598 - 成功读取Excel数据: 1条记录
2025-08-08 11:59:00,599 - 邮件模板加载成功
2025-08-08 11:59:01,257 - SMTP服务器登录成功
2025-08-08 11:59:01,667 - 成功发送给: zoe <zoe.zuo@bccapital.com>
2025-08-08 11:59:01,769 - 所有邮件发送成功! 总计: 1封
2025-08-08 11:59:01,770 - [77dc182c-1aa2-4f38-92dc-fb374beda116] 请求处理成功
2025-08-08 12:09:23,205 - 加载模板失败: name 'TEMPLATE_FILE' is not defined
2025-08-08 12:10:44,000 - 邮件主题: C:\Users\zoe.zuo\PycharmProjects\FlaskProject/utils/salary_email.html
2025-08-08 12:10:44,155 - 成功读取Excel数据: 1条记录
2025-08-08 12:10:44,156 - 邮件模板加载成功
2025-08-08 12:10:45,422 - SMTP服务器登录成功
2025-08-08 12:10:45,726 - 成功发送给: zoe <zoe.zuo@bccapital.com>
2025-08-08 12:10:45,791 - 所有邮件发送成功! 总计: 1封
2025-08-08 12:10:45,792 - [64a6ffb1-675c-4e8f-8772-6ab0a1a40208] 请求处理成功
2025-08-08 12:12:07,350 - 邮件主题: 08/08/2025明细
2025-08-08 12:12:07,506 - 成功读取Excel数据: 1条记录
2025-08-08 12:12:07,506 - 邮件模板加载成功
2025-08-08 12:12:08,252 - SMTP服务器登录成功
2025-08-08 12:12:08,661 - 成功发送给: zoe <zoe.zuo@bccapital.com>
2025-08-08 12:12:08,764 - 所有邮件发送成功! 总计: 1封
2025-08-08 12:12:08,764 - [a6fee070-7734-4354-95a6-313c159f07a7] 请求处理成功
2025-08-08 14:11:09,013 - 所有邮件发送成功! 总计: 1封
2025-08-08 14:11:09,013 - [b58a06ca-d430-4485-b708-a366d0c6dd04] 请求处理成功
2025-08-08 15:05:56,283 - 所有邮件发送成功! 总计: 1封
2025-08-08 15:05:56,284 - [2eded506-6ef1-4fee-9011-6264cba5d3e2] 请求处理成功
2025-08-08 15:26:47,046 - 所有邮件发送成功! 总计: 1封
2025-08-08 15:26:47,048 - [f976e66e-01a2-4dba-963b-f2786a63bcf6] 请求处理成功
2025-08-08 15:34:01,451 - 所有邮件发送成功! 总计: 1封
2025-08-08 15:34:01,451 - [9e15bbe8-0fb8-41af-8249-9d04bfcfd428] 请求处理成功
2025-08-08 16:35:34,499 - 所有邮件发送成功! 总计: 1封
2025-08-08 16:35:34,500 - [5e9a0d1e-5c78-4e05-8598-bc2608e8d5b8] 请求处理成功
2025-08-13 13:32:56,017 - [def17d26-8ca6-4f99-bc25-49cb2948d3d1] 缺少必要文件
2025-08-13 13:34:02,822 - [d593d938-6c07-4998-8841-10480a999d8c] 缺少必要文件
2025-08-13 13:34:28,818 - [37cbbd6a-9c03-40f9-a40e-f0c4a9b7cdd6] 缺少必要文件
2025-08-13 13:34:39,838 - 所有邮件发送成功! 总计: 1封
2025-08-13 13:34:39,838 - [304faa04-c654-4b06-a01d-05274c5cff23] 请求处理成功
2025-08-13 14:17:28,851 - 所有邮件发送成功! 总计: 1封
2025-08-13 14:17:28,852 - [80488bd5-30d3-444d-9be4-e966b6a87518] 请求处理成功
2025-08-13 14:44:43,158 - 所有邮件发送成功! 总计: 1封
2025-08-13 14:44:43,159 - [1d25a443-4654-4de6-ae6e-c9fc2d7db6a2] 请求处理成功
2025-08-27 15:56:02,611 - 读取Excel文件时出错: Excel文件中缺少必要的列: TR FEE
2025-08-27 15:56:02,612 - [83ff7ba8-05f6-4f06-8ba1-0d287036af67] 请求处理失败
2025-08-27 15:57:50,714 - 发送给 未知 失败: 缺少邮箱地址
2025-08-27 15:57:50,771 - 邮件发送完成! 成功: 0/1 封
2025-08-27 15:57:50,771 - [66af1fc4-7650-4e6a-86a9-542792135e66] 请求处理成功
2025-08-27 15:58:52,334 - 生成PDF文件时出错: 'TR FEE'
2025-08-27 15:58:52,334 - 发送给 未知 失败: 生成PDF文件失败
2025-08-27 15:58:52,404 - 邮件发送完成! 成功: 0/1 封
2025-08-27 15:58:52,405 - [d43f69e2-aa4b-4ece-9fbd-3fb6642066d6] 请求处理成功
2025-08-27 16:00:16,048 - PDF文件已生成: C:\Users\zoe.zuo\AppData\Local\Temp\tmpeao5vi5d.pdf
2025-08-27 16:00:16,982 - 邮件发送成功: 未知 <zoe.zuo@bccapital.com>
2025-08-27 16:00:17,043 - 所有邮件发送成功! 总计: 1封
2025-08-27 16:00:17,044 - [6e6b2277-b68e-4637-8b5c-a01c9df9a2a2] 请求处理成功
2025-08-27 16:18:31,768 - 使用中文字体: SimSun, 路径: C:\Windows\Fonts\simsun.ttc
2025-08-27 16:18:40,188 - 读取Excel文件时出错: Excel文件中缺少必要的列: TR FEE
2025-08-27 16:18:40,189 - [432acabf-9ea2-4570-994b-c53fc996b8b8] 请求处理失败
2025-08-27 16:19:17,911 - 使用中文字体: SimSun, 路径: C:\Windows\Fonts\simsun.ttc
2025-08-27 16:19:21,423 - PDF文件已生成: C:\Users\zoe.zuo\AppData\Local\Temp\tmpd_6j7g_m.pdf
2025-08-27 16:19:23,282 - 邮件发送成功: 未知 <zoe.zuo@bccapital.com>
2025-08-27 16:19:23,343 - 所有邮件发送成功! 总计: 1封
2025-08-27 16:19:23,343 - [34cd628d-0c71-4c23-9f83-c0170b6a12a9] 请求处理成功
2025-08-27 16:23:49,528 - 使用中文字体: SimSun, 路径: C:\Windows\Fonts\simsun.ttc
2025-08-27 16:23:54,018 - PDF文件已生成: C:\Users\zoe.zuo\AppData\Local\Temp\tmpntjhcpmv.pdf
2025-08-27 16:23:54,414 - 邮件发送成功: 未知 <zoe.zuo@bccapital.com>
2025-08-27 16:23:54,480 - 所有邮件发送成功! 总计: 1封
2025-08-27 16:23:54,480 - [fb99e700-ab83-4a78-a06b-3b18526e7fe0] 请求处理成功
2025-08-27 16:51:33,149 - 使用中文字体: SimSun, 路径: C:\Windows\Fonts\simsun.ttc
2025-08-27 16:51:49,805 - 生成PDF文件时出错: 'ChineseFont-Bold'
2025-08-27 16:51:49,805 - 发送给 未知 失败: 生成PDF文件失败
2025-08-27 16:51:49,867 - 邮件发送完成! 成功: 0/1 封
2025-08-27 16:51:49,867 - [0e1f44af-211b-4d4c-8029-e87ec7412eff] 请求处理成功
2025-08-27 17:18:01,069 - 使用中文字体: SimSun, 路径: C:\Windows\Fonts\simsun.ttc
2025-08-27 17:18:01,157 - 注册粗体中文字体: C:\Windows\Fonts\simsun.ttc
2025-08-27 17:18:04,968 - 生成PDF文件时出错: 'ChineseFont-Bold'
2025-08-27 17:18:04,969 - 发送给 未知 失败: 生成PDF文件失败
2025-08-27 17:18:05,026 - 邮件发送完成! 成功: 0/1 封
2025-08-27 17:18:05,026 - [f706e0e0-438f-4f3e-8272-e40428481c7b] 请求处理成功
2025-08-27 17:18:17,625 - 使用中文字体: SimSun, 路径: C:\Windows\Fonts\simsun.ttc
2025-08-27 17:18:17,714 - 注册粗体中文字体: C:\Windows\Fonts\simsun.ttc
2025-08-27 17:18:22,439 - 生成PDF文件时出错: 'ChineseFont-Bold'
2025-08-27 17:18:22,439 - 发送给 未知 失败: 生成PDF文件失败
2025-08-27 17:18:22,496 - 邮件发送完成! 成功: 0/1 封
2025-08-27 17:18:22,496 - [da1fbc75-1caa-482d-a8fa-1ad7fdce9377] 请求处理成功
2025-08-27 17:20:45,721 - 使用中文字体: SimSun, 路径: C:\Windows\Fonts\simsun.ttc
2025-08-27 17:20:49,475 - 生成PDF文件时出错: 'ChineseFont-Bold'
2025-08-27 17:20:49,475 - 发送给 未知 失败: 生成PDF文件失败
2025-08-27 17:20:49,573 - 邮件发送完成! 成功: 0/1 封
2025-08-27 17:20:49,573 - [8936b08f-8f25-4fde-8524-59712ca9d886] 请求处理成功
2025-08-27 17:21:02,220 - 使用中文字体: SimSun, 路径: C:\Windows\Fonts\simsun.ttc
2025-08-27 17:21:08,523 - 生成PDF文件时出错: 'ChineseFont-Bold'
2025-08-27 17:21:08,524 - 发送给 未知 失败: 生成PDF文件失败
2025-08-27 17:21:08,585 - 邮件发送完成! 成功: 0/1 封
2025-08-27 17:21:08,585 - [82cf9dc0-3113-43e5-b5e3-d6fa382c9064] 请求处理成功
2025-08-27 17:22:02,660 - 使用中文字体: SimSun, 路径: C:\Windows\Fonts\simsun.ttc
2025-08-27 17:22:06,834 - 生成PDF文件时出错: 'ChineseFont-Bold'
2025-08-27 17:22:06,834 - 发送给 未知 失败: 生成PDF文件失败
2025-08-27 17:22:06,900 - 邮件发送完成! 成功: 0/1 封
2025-08-27 17:22:06,900 - [45e3ef49-5731-4bd7-a567-7dc520497eef] 请求处理成功
2025-08-27 17:22:38,544 - 使用中文字体: SimSun, 路径: C:\Windows\Fonts\simsun.ttc
2025-08-27 17:22:42,323 - 生成PDF文件时出错: 'ChineseFont-Bold'
2025-08-27 17:22:42,324 - 发送给 未知 失败: 生成PDF文件失败
2025-08-27 17:22:42,384 - 邮件发送完成! 成功: 0/1 封
2025-08-27 17:22:42,385 - [0e24a3c8-4b56-4211-914f-4ea767496252] 请求处理成功
2025-08-27 17:23:31,363 - 使用中文字体: SimSun, 路径: C:\Windows\Fonts\simsun.ttc
2025-08-27 17:23:45,512 - 生成PDF文件时出错: 'ChineseFont-Bold'
2025-08-27 17:23:45,512 - 发送给 未知 失败: 生成PDF文件失败
2025-08-27 17:23:45,609 - 邮件发送完成! 成功: 0/1 封
2025-08-27 17:23:45,609 - [ada8aa11-d98c-41a8-967d-0efa9c00ef9d] 请求处理成功
2025-08-27 17:24:42,251 - 使用中文字体: SimSun, 路径: C:\Windows\Fonts\simsun.ttc
2025-08-27 17:24:46,738 - 生成PDF文件时出错: 'ChineseFont-Bold'
2025-08-27 17:24:46,738 - 发送给 未知 失败: 生成PDF文件失败
2025-08-27 17:24:46,795 - 邮件发送完成! 成功: 0/1 封
2025-08-27 17:24:46,795 - [e2b1a2c2-c400-4a09-8964-35e0e28a14d5] 请求处理成功
2025-08-27 17:25:18,943 - 使用中文字体: SimSun, 路径: C:\Windows\Fonts\simsun.ttc
2025-08-27 17:25:47,351 - 生成PDF文件时出错: 'ChineseFont-Bold'
2025-08-27 17:25:47,352 - 发送给 未知 失败: 生成PDF文件失败
2025-08-27 17:25:47,412 - 邮件发送完成! 成功: 0/1 封
2025-08-27 17:25:47,413 - [fd727f72-0148-448f-a53c-7fe4fbcc9f72] 请求处理成功
2025-08-27 17:26:30,973 - 使用中文字体: SimSun, 路径: C:\Windows\Fonts\simsun.ttc
2025-08-27 17:26:34,209 - 生成PDF文件时出错: 'ChineseFont-Bold'
2025-08-27 17:26:34,210 - 发送给 未知 失败: 生成PDF文件失败
2025-08-27 17:26:34,266 - 邮件发送完成! 成功: 0/1 封
2025-08-27 17:26:34,267 - [22d59253-166a-4b6c-b1e9-f177caa7c4be] 请求处理成功
2025-08-27 17:29:13,363 - 使用中文字体: SimSun, 路径: C:\Windows\Fonts\simsun.ttc
2025-08-27 17:29:22,501 - 生成PDF文件时出错: 'ChineseFont-Bold'
2025-08-27 17:29:22,502 - 发送给 未知 失败: 生成PDF文件失败
2025-08-27 17:29:22,567 - 邮件发送完成! 成功: 0/1 封
2025-08-27 17:29:22,567 - [621e5179-ac47-4b40-b7c7-abd2a2480904] 请求处理成功
2025-08-27 17:29:57,353 - 使用中文字体: SimSun, 路径: C:\Windows\Fonts\simsun.ttc
2025-08-27 17:30:01,002 - 生成PDF文件时出错: 'ChineseFont-Bold'
2025-08-27 17:30:01,002 - 发送给 未知 失败: 生成PDF文件失败
2025-08-27 17:30:01,064 - 邮件发送完成! 成功: 0/1 封
2025-08-27 17:30:01,065 - [9e8073a4-3db6-41ff-b7c1-e1a1ee06a7d3] 请求处理成功
2025-08-27 17:33:09,672 - 使用中文字体: SimSun, 路径: C:\Windows\Fonts\simsun.ttc
2025-08-27 17:33:13,847 - PDF文件已生成: C:\Users\zoe.zuo\AppData\Local\Temp\tmpyh1rtcr3.pdf
2025-08-27 17:33:15,148 - 邮件发送成功: 未知 <zoe.zuo@bccapital.com>
2025-08-27 17:33:15,210 - 所有邮件发送成功! 总计: 1封
2025-08-27 17:33:15,210 - [9cc30105-ba6e-4174-a5fa-240c70a9f15c] 请求处理成功
2025-08-27 17:46:09,102 - 使用中文字体: SimSun, 路径: C:\Windows\Fonts\simsun.ttc
2025-08-27 17:46:14,976 - PDF文件已生成: C:\Users\zoe.zuo\AppData\Local\Temp\tmpdizuvdim.pdf
2025-08-27 17:46:15,457 - 邮件发送成功: 未知 <zoe.zuo@bccapital.com>
2025-08-27 17:46:15,525 - 所有邮件发送成功! 总计: 1封
2025-08-27 17:46:15,526 - [fc2da701-1dd3-4016-ad3e-8690b040c052] 请求处理成功
2025-08-27 17:56:26,490 - 使用中文字体: SimSun, 路径: C:\Windows\Fonts\simsun.ttc
2025-08-27 17:56:32,528 - PDF文件已生成: C:\Users\zoe.zuo\AppData\Local\Temp\tmpo_2t2uak.pdf
2025-08-27 17:56:32,975 - 邮件发送成功: 未知 <zoe.zuo@bccapital.com>
2025-08-27 17:56:33,042 - 所有邮件发送成功! 总计: 1封
2025-08-27 17:56:33,042 - [7363fc48-ec40-4e51-94b9-f77e778977d0] 请求处理成功
2025-08-27 17:57:56,021 - PDF文件已生成: C:\Users\zoe.zuo\AppData\Local\Temp\tmp9t0f6h78.pdf
2025-08-27 17:57:56,604 - 邮件发送成功: 未知 <zoe.zuo@bccapital.com>
2025-08-27 17:57:56,705 - 所有邮件发送成功! 总计: 1封
2025-08-27 17:57:56,706 - [35dc1ecc-8de5-4c38-a14a-df2e3e3a9cbe] 请求处理成功
2025-08-28 10:02:47,279 - 使用中文字体: SimSun, 路径: C:\Windows\Fonts\simsun.ttc
2025-08-28 10:02:53,254 - PDF文件已生成: C:\Users\zoe.zuo\AppData\Local\Temp\tmpuqjfkudl.pdf
2025-08-28 10:02:54,058 - 邮件发送成功: 未知 <zoe.zuo@bccapital.com>
2025-08-28 10:02:54,159 - 所有邮件发送成功! 总计: 1封
2025-08-28 10:02:54,159 - [316d3af3-0da9-4714-a475-07e8d7a3a341] 请求处理成功
2025-08-28 10:03:17,994 - PDF文件已生成: C:\Users\zoe.zuo\AppData\Local\Temp\tmplpvzu3oj.pdf
2025-08-28 10:03:18,517 - 邮件发送成功: 未知 <zoe.zuo@bccapital.com>
2025-08-28 10:03:18,583 - 所有邮件发送成功! 总计: 1封
2025-08-28 10:03:18,583 - [36759aed-d1aa-4529-9978-84e40ce639ce] 请求处理成功
2025-08-28 10:06:53,568 - 使用中文字体: SimSun, 路径: C:\Windows\Fonts\simsun.ttc
2025-08-28 10:07:05,795 - PDF文件已生成: C:\Users\zoe.zuo\AppData\Local\Temp\tmp637dyo1v.pdf
2025-08-28 10:07:06,700 - 邮件发送成功: 未知 <zoe.zuo@bccapital.com>
2025-08-28 10:07:06,794 - 所有邮件发送成功! 总计: 1封
2025-08-28 10:07:06,794 - [1235e738-8ae9-4eb8-9867-ad1d249b0501] 请求处理成功
2025-08-28 10:36:55,050 - 使用中文字体: SimSun, 路径: C:\Windows\Fonts\simsun.ttc
2025-08-28 10:37:03,870 - PDF文件已生成: C:\Users\zoe.zuo\AppData\Local\Temp\tmpcfnxb3ta.pdf
2025-08-28 10:37:04,548 - 邮件发送成功: 未知 <zoe.zuo@bccapital.com>
2025-08-28 10:37:04,642 - 所有邮件发送成功! 总计: 1封
2025-08-28 10:37:04,642 - [c461bfec-1077-482a-bd37-44b420784eb7] 请求处理成功
2025-08-28 10:41:55,079 - 使用中文字体: SimSun, 路径: C:\Windows\Fonts\simsun.ttc
2025-08-28 10:42:00,824 - PDF文件已生成: C:\Users\zoe.zuo\AppData\Local\Temp\tmppx3r_r_9.pdf
2025-08-28 10:42:01,317 - 邮件发送成功: 未知 <zoe.zuo@bccapital.com>
2025-08-28 10:42:01,382 - 所有邮件发送成功! 总计: 1封
2025-08-28 10:42:01,382 - [a4b57f64-7857-47d3-9e73-22ffa0281b43] 请求处理成功
2025-08-28 10:42:59,484 - 使用中文字体: SimSun, 路径: C:\Windows\Fonts\simsun.ttc
2025-08-28 10:43:05,731 - PDF文件已生成: C:\Users\zoe.zuo\AppData\Local\Temp\tmp6fakn_hg.pdf
2025-08-28 10:43:06,167 - 邮件发送成功: 未知 <zoe.zuo@bccapital.com>
2025-08-28 10:43:06,225 - 所有邮件发送成功! 总计: 1封
2025-08-28 10:43:06,226 - [6392a117-0c23-4a9d-8c6b-05a18d49325a] 请求处理成功
2025-08-28 10:44:19,198 - 使用中文字体: SimSun, 路径: C:\Windows\Fonts\simsun.ttc
2025-08-28 10:44:22,460 - PDF文件已生成: C:\Users\zoe.zuo\AppData\Local\Temp\tmpe85yq9cv.pdf
2025-08-28 10:44:22,951 - 邮件发送成功: 未知 <zoe.zuo@bccapital.com>
2025-08-28 10:44:23,017 - 所有邮件发送成功! 总计: 1封
2025-08-28 10:44:23,017 - [1da9d095-e73f-48cd-a08f-5551c2aea195] 请求处理成功
2025-08-28 10:45:36,098 - 使用中文字体: SimSun, 路径: C:\Windows\Fonts\simsun.ttc
2025-08-28 10:45:39,557 - PDF文件已生成: C:\Users\zoe.zuo\AppData\Local\Temp\tmppp8o7tq0.pdf
2025-08-28 10:45:40,028 - 邮件发送成功: 未知 <zoe.zuo@bccapital.com>
2025-08-28 10:45:40,093 - 所有邮件发送成功! 总计: 1封
2025-08-28 10:45:40,093 - [c7e8992a-301e-4015-a1ac-6f78faa67a5a] 请求处理成功
2025-08-28 10:55:11,286 - 使用中文字体: SimSun, 路径: C:\Windows\Fonts\simsun.ttc
2025-08-28 10:55:15,896 - PDF文件已生成: C:\Users\zoe.zuo\AppData\Local\Temp\tmpurwzfv4u.pdf
2025-08-28 10:55:15,912 - 加密PDF失败: user_password may not be None
2025-08-28 10:55:16,197 - 邮件发送成功: Zoe <zoe.zuo@bccapital.com>
2025-08-28 10:55:16,211 - PDF文件已生成: C:\Users\zoe.zuo\AppData\Local\Temp\tmpk2xbtx7_.pdf
2025-08-28 10:55:16,225 - 加密PDF失败: user_password may not be None
2025-08-28 10:55:16,506 - 邮件发送成功: Zoe <zoe.zuo@bccapital.com>
2025-08-28 10:55:16,568 - 所有邮件发送成功! 总计: 2封
2025-08-28 10:55:16,568 - [2f39dff9-11c1-4014-99a6-79cbb1967f08] 请求处理成功
2025-08-28 10:58:19,032 - 使用中文字体: SimSun, 路径: C:\Windows\Fonts\simsun.ttc
2025-08-28 10:58:24,837 - PDF文件已生成: C:\Users\zoe.zuo\AppData\Local\Temp\tmprdyv8clo.pdf
2025-08-28 10:58:26,050 - 邮件发送成功: Zoe <zoe.zuo@bccapital.com>
2025-08-28 10:58:26,064 - PDF文件已生成: C:\Users\zoe.zuo\AppData\Local\Temp\tmpre0u071t.pdf
2025-08-28 10:58:26,784 - 邮件发送成功: Zoe <zoe.zuo@bccapital.com>
2025-08-28 10:58:26,849 - 所有邮件发送成功! 总计: 2封
2025-08-28 10:58:26,849 - [0c1c7c73-9e41-4429-a996-ea44aaee4e7e] 请求处理成功
2025-08-28 11:12:42,746 - 使用中文字体: SimSun, 路径: C:\Windows\Fonts\simsun.ttc
2025-08-28 11:12:49,473 - PDF文件已生成: C:\Users\zoe.zuo\AppData\Local\Temp\tmp9xsezdvq.pdf
2025-08-28 11:12:49,923 - 邮件发送成功: Zoe <zoe.zuo@bccapital.com>
2025-08-28 11:12:49,936 - PDF文件已生成: C:\Users\zoe.zuo\AppData\Local\Temp\tmpiybidsqr.pdf
2025-08-28 11:12:50,282 - 邮件发送成功: Zoe <zoe.zuo@bccapital.com>
2025-08-28 11:12:50,340 - 所有邮件发送成功! 总计: 2封
2025-08-28 11:12:50,340 - [74273a0d-51c8-4612-ba8b-fb99cf3a0521] 请求处理成功
2025-08-28 11:16:34,422 - 使用中文字体: SimSun, 路径: C:\Windows\Fonts\simsun.ttc
2025-08-28 11:16:39,455 - PDF文件已生成: C:\Users\zoe.zuo\AppData\Local\Temp\tmp4xgk7tma.pdf
2025-08-28 11:16:40,091 - 邮件发送成功: Zoe <zoe.zuo@bccapital.com>
2025-08-28 11:16:40,102 - PDF文件已生成: C:\Users\zoe.zuo\AppData\Local\Temp\tmpxtj93akb.pdf
2025-08-28 11:16:40,454 - 邮件发送成功: Zoe <zoe.zuo@bccapital.com>
2025-08-28 11:16:40,517 - 所有邮件发送成功! 总计: 2封
2025-08-28 11:16:40,517 - [9d59e0d9-4a7f-4f46-8895-8b6607f9b648] 请求处理成功
2025-08-28 11:21:35,357 - 使用中文字体: SimSun, 路径: C:\Windows\Fonts\simsun.ttc
2025-08-28 11:22:13,013 - PDF文件已生成: C:\Users\zoe.zuo\AppData\Local\Temp\tmpd3tysnb4.pdf
2025-08-28 11:22:13,502 - 邮件发送成功: Zoe <zoe.zuo@bccapital.com>
2025-08-28 11:22:13,514 - PDF文件已生成: C:\Users\zoe.zuo\AppData\Local\Temp\tmp4mbq6wk2.pdf
2025-08-28 11:22:13,843 - 邮件发送成功: Zoe <zoe.zuo@bccapital.com>
2025-08-28 11:22:13,905 - 所有邮件发送成功! 总计: 2封
2025-08-28 11:22:13,905 - [152b9299-1138-4c3e-81ed-ae1fa0f9c752] 请求处理成功
2025-08-28 11:25:50,680 - 使用中文字体: SimSun, 路径: C:\Windows\Fonts\simsun.ttc
2025-08-28 11:26:05,013 - PDF文件已生成: C:\Users\zoe.zuo\AppData\Local\Temp\tmp8a07ogc0.pdf
2025-08-28 11:26:05,511 - 邮件发送成功: Zoe <zoe.zuo@bccapital.com>
2025-08-28 11:26:05,524 - PDF文件已生成: C:\Users\zoe.zuo\AppData\Local\Temp\tmp34tik3g0.pdf
2025-08-28 11:26:05,885 - 邮件发送成功: Zoe <zoe.zuo@bccapital.com>
2025-08-28 11:26:05,951 - 所有邮件发送成功! 总计: 2封
2025-08-28 11:26:05,951 - [604ce28a-d62b-495a-9484-ebd703dab786] 请求处理成功
2025-08-28 11:46:00,209 - 使用中文字体: SimSun, 路径: C:\Windows\Fonts\simsun.ttc
2025-08-28 11:46:31,262 - PDF文件已生成: C:\Users\zoe.zuo\AppData\Local\Temp\tmpa9s6nsvo.pdf
2025-08-28 11:46:31,882 - 邮件发送成功: Zoe <zoe.zuo@bccapital.com>
2025-08-28 11:46:31,895 - PDF文件已生成: C:\Users\zoe.zuo\AppData\Local\Temp\tmpkqhubpdl.pdf
2025-08-28 11:46:32,230 - 邮件发送成功: Zoe <zoe.zuo@bccapital.com>
2025-08-28 11:46:32,293 - 邮件发送完成! 成功: 2/3 封, 0封发送失败, 1封疑似收件人姓名和邮箱不匹配请检查后手动发送
2025-08-28 11:46:32,293 - [4f6a7edc-f877-427b-a02e-261787726a7b] 请求处理成功
